#
# There is insufficient memory for the Java Runtime Environment to continue.
# Native memory allocation (mmap) failed to map 264241152 bytes. Error detail: G1 virtual space
# Possible reasons:
#   The system is out of physical RAM or swap space
#   This process is running with CompressedOops enabled, and the Java Heap may be blocking the growth of the native heap
# Possible solutions:
#   Reduce memory load on the system
#   Increase physical memory or swap space
#   Check if swap backing store is full
#   Decrease Java heap size (-Xmx/-Xms)
#   Decrease number of Java threads
#   Decrease Java thread stack sizes (-Xss)
#   Set larger code cache with -XX:ReservedCodeCacheSize=
#   JVM is running with Zero Based Compressed Oops mode in which the Java heap is
#     placed in the first 32GB address space. The Java Heap base address is the
#     maximum limit for the native heap growth. Please use -XX:HeapBaseMinAddress
#     to set the Java Heap base and to place the Java Heap above 32GB virtual address.
# This output file may be truncated or incomplete.
#
#  Out of Memory Error (os_windows.cpp:3564), pid=20920, tid=12256
#
# JRE version:  (24.0.1+9) (build )
# Java VM: OpenJDK 64-Bit Server VM (24.0.1+9-30, mixed mode, sharing, tiered, compressed oops, compressed class ptrs, g1 gc, windows-amd64)
# No core dump will be written. Minidumps are not enabled by default on client versions of Windows
#

---------------  S U M M A R Y ------------

Command Line: -Dnet.bytebuddy.agent.attacher.dump= net.bytebuddy.agent.Attacher com.sun.tools.attach.VirtualMachine 32084 C:\Users\yanfe\.m2\repository\net\bytebuddy\byte-buddy-agent\1.17.8\byte-buddy-agent-1.17.8.jar false 

Host: 13th Gen Intel(R) Core(TM) i5-1335U, 12 cores, 15G,  Windows 11 , 64 bit Build 26100 (10.0.26100.7920)
Time: Thu Apr  9 10:21:17 2026 Hora oficial do Brasil elapsed time: 1.082751 seconds (0d 0h 0m 1s)

---------------  T H R E A D  ---------------

Current thread (0x00000131ed99ab00):  JavaThread "Unknown thread" [_thread_in_vm, id=12256, stack(0x000000065f800000,0x000000065f900000) (1024K)]

Stack: [0x000000065f800000,0x000000065f900000]
Native frames: (J=compiled Java code, j=interpreted, Vv=VM code, C=native code)
V  [jvm.dll+0x730739]  (no source info available)
V  [jvm.dll+0x8d9b23]  (no source info available)
V  [jvm.dll+0x8dc00d]  (no source info available)
V  [jvm.dll+0x8dc683]  (no source info available)
V  [jvm.dll+0x2aa086]  (no source info available)
V  [jvm.dll+0x72cc65]  (no source info available)
V  [jvm.dll+0x72059a]  (no source info available)
V  [jvm.dll+0x390cea]  (no source info available)
V  [jvm.dll+0x3989f6]  (no source info available)
V  [jvm.dll+0x38523e]  (no source info available)
V  [jvm.dll+0x3854f8]  (no source info available)
V  [jvm.dll+0x35d0cc]  (no source info available)
V  [jvm.dll+0x35dd8d]  (no source info available)
V  [jvm.dll+0x89d28f]  (no source info available)
V  [jvm.dll+0x3f985d]  (no source info available)
V  [jvm.dll+0x8858e6]  (no source info available)
V  [jvm.dll+0x495f3e]  (no source info available)
V  [jvm.dll+0x497d11]  (no source info available)
C  [jli.dll+0x52a1]  (no source info available)
C  [ucrtbase.dll+0x37b0]  (no source info available)
C  [KERNEL32.DLL+0x2e8d7]  (no source info available)
C  [ntdll.dll+0x8c48c]  (no source info available)

Lock stack of current Java thread (top to bottom):


---------------  P R O C E S S  ---------------

Threads class SMR info:
_java_thread_list=0x00007ffbac60f318, length=0, elements={
}

Java Threads: ( => current thread )
Total: 0

Other Threads:
  0x00000131edc8f910 WorkerThread "GC Thread#0"                     [id=6980, stack(0x000000065f900000,0x000000065fa00000) (1024K)]
  0x00000131edca4330 ConcurrentGCThread "G1 Main Marker"            [id=3392, stack(0x000000065fa00000,0x000000065fb00000) (1024K)]
  0x00000131edca5040 WorkerThread "G1 Conc#0"                       [id=21280, stack(0x000000065fb00000,0x000000065fc00000) (1024K)]

[error occurred during error reporting (printing all threads), id 0xc0000005, EXCEPTION_ACCESS_VIOLATION (0xc0000005) at pc=0x00007ffbabd414ea]
VM state: not at safepoint (not fully initialized)

VM Mutex/Monitor currently owned by a thread:  ([mutex/lock_event])
[0x00007ffbac6945b0] Heap_lock - owner thread: 0x00000131ed99ab00

Heap address: 0x0000000704e00000, size: 4018 MB, Compressed Oops mode: Zero based, Oop shift amount: 3

CDS archive(s) mapped at: [0x0000000000000000-0x0000000000000000-0x0000000000000000), size 0, SharedBaseAddress: 0x0000000800000000, ArchiveRelocationMode: 1.
UseCompressedClassPointers 1, UseCompactObjectHeaders 0
Narrow klass pointer bits 32, Max shift 3
Narrow klass base: 0xffffffffffffffff, Narrow klass shift: -1
Encoding Range: [0xffffffffffffffff - 0x000000007fffffff), (2147483648 bytes)
Klass Range:    [0x0000000000000000 - 0x0000000000000000), (0 bytes)
Klass ID Range:  [4294967295 - 0) (1)

GC Precious Log:
 CardTable entry size: 512
 Card Set container configuration: InlinePtr #cards 4 size 8 Array Of Cards #cards 16 size 48 Howl #buckets 8 coarsen threshold 3686 Howl Bitmap #cards 512 size 80 coarsen threshold 460 Card regions per heap region 1 cards per card region 4096

Heap:
 garbage-first heap   total reserved 4114432K, committed 0K, used 0K [0x0000000704e00000, 0x0000000800000000)
  region size 2048K, 0 young (0K), 0 survivors (0K)

[error occurred during error reporting (printing heap information), id 0xc0000005, EXCEPTION_ACCESS_VIOLATION (0xc0000005) at pc=0x00007ffbac15e3e9]
GC Heap History (0 events):
No events

Dll operation events (1 events):
Event: 0.007 Loaded shared library C:\Users\yanfe\.jdks\openjdk-24.0.1\bin\java.dll

Deoptimization events (0 events):
No events

Classes loaded (0 events):
No events

Classes unloaded (0 events):
No events

Classes redefined (0 events):
No events

Internal exceptions (0 events):
No events

VM Operations (0 events):
No events

Memory protections (0 events):
No events

Nmethod flushes (0 events):
No events

Events (0 events):
No events


Dynamic libraries:
0x00007ff727090000 - 0x00007ff72709e000 	C:\Users\yanfe\.jdks\openjdk-24.0.1\bin\java.exe
0x00007ffc19a60000 - 0x00007ffc19cc7000 	C:\WINDOWS\SYSTEM32\ntdll.dll
0x00007ffc18f90000 - 0x00007ffc19059000 	C:\WINDOWS\System32\KERNEL32.DLL
0x00007ffc171e0000 - 0x00007ffc175d1000 	C:\WINDOWS\System32\KERNELBASE.dll
0x00007ffc16fe0000 - 0x00007ffc1712b000 	C:\WINDOWS\System32\ucrtbase.dll
0x00007ffc114d0000 - 0x00007ffc114e6000 	C:\Users\yanfe\.jdks\openjdk-24.0.1\bin\jli.dll
0x00007ffc11140000 - 0x00007ffc1115b000 	C:\Users\yanfe\.jdks\openjdk-24.0.1\bin\VCRUNTIME140.dll
0x00007ffc178e0000 - 0x00007ffc17aa5000 	C:\WINDOWS\System32\USER32.dll
0x00007ffc16fb0000 - 0x00007ffc16fd7000 	C:\WINDOWS\System32\win32u.dll
0x00007ffbf7100000 - 0x00007ffbf7393000 	C:\WINDOWS\WinSxS\amd64_microsoft.windows.common-controls_6595b64144ccf1df_6.0.26100.8037_none_3e092faae333b53b\COMCTL32.dll
0x00007ffc199f0000 - 0x00007ffc19a1b000 	C:\WINDOWS\System32\GDI32.dll
0x00007ffc197a0000 - 0x00007ffc19849000 	C:\WINDOWS\System32\msvcrt.dll
0x00007ffc16e80000 - 0x00007ffc16fab000 	C:\WINDOWS\System32\gdi32full.dll
0x00007ffc17750000 - 0x00007ffc177f3000 	C:\WINDOWS\System32\msvcp_win.dll
0x00007ffc186d0000 - 0x00007ffc18701000 	C:\WINDOWS\System32\IMM32.DLL
0x00007ffc136e0000 - 0x00007ffc136ec000 	C:\Users\yanfe\.jdks\openjdk-24.0.1\bin\vcruntime140_1.dll
0x00007ffc037a0000 - 0x00007ffc0382e000 	C:\Users\yanfe\.jdks\openjdk-24.0.1\bin\msvcp140.dll
0x00007ffbab9d0000 - 0x00007ffbac772000 	C:\Users\yanfe\.jdks\openjdk-24.0.1\bin\server\jvm.dll
0x00007ffc198d0000 - 0x00007ffc1998b000 	C:\WINDOWS\System32\ADVAPI32.dll
0x00007ffc193e0000 - 0x00007ffc19487000 	C:\WINDOWS\System32\sechost.dll
0x00007ffc19060000 - 0x00007ffc19178000 	C:\WINDOWS\System32\RPCRT4.dll
0x00007ffc182c0000 - 0x00007ffc18334000 	C:\WINDOWS\System32\WS2_32.dll
0x00007ffc161c0000 - 0x00007ffc1621e000 	C:\WINDOWS\SYSTEM32\POWRPROF.dll
0x00007ffc0e470000 - 0x00007ffc0e4a5000 	C:\WINDOWS\SYSTEM32\WINMM.dll
0x00007ffc07cf0000 - 0x00007ffc07cfb000 	C:\WINDOWS\SYSTEM32\VERSION.dll
0x00007ffc161a0000 - 0x00007ffc161b4000 	C:\WINDOWS\SYSTEM32\UMPDC.dll
0x00007ffc150d0000 - 0x00007ffc150eb000 	C:\WINDOWS\SYSTEM32\kernel.appcore.dll
0x00007ffc11170000 - 0x00007ffc1117a000 	C:\Users\yanfe\.jdks\openjdk-24.0.1\bin\jimage.dll
0x00007ffc13e60000 - 0x00007ffc140a2000 	C:\WINDOWS\SYSTEM32\DBGHELP.DLL
0x00007ffc18340000 - 0x00007ffc186c2000 	C:\WINDOWS\System32\combase.dll
0x00007ffc17800000 - 0x00007ffc178d7000 	C:\WINDOWS\System32\OLEAUT32.dll
0x00007ffbf3960000 - 0x00007ffbf399b000 	C:\WINDOWS\SYSTEM32\dbgcore.DLL
0x00007ffc17130000 - 0x00007ffc171d5000 	C:\WINDOWS\System32\bcryptPrimitives.dll
0x00007ffc110b0000 - 0x00007ffc110ce000 	C:\Users\yanfe\.jdks\openjdk-24.0.1\bin\java.dll
0x00007ffc19210000 - 0x00007ffc193a5000 	C:\WINDOWS\System32\ole32.dll
0x00007ffc18720000 - 0x00007ffc18e7f000 	C:\WINDOWS\System32\SHELL32.dll
0x00007ffc175e0000 - 0x00007ffc1774a000 	C:\WINDOWS\System32\wintypes.dll

JVMTI agents: none

dbghelp: loaded successfully - version: 4.0.5 - missing functions: none
symbol engine: initialized successfully - sym options: 0x614 - pdb path: .;C:\Users\yanfe\.jdks\openjdk-24.0.1\bin;C:\WINDOWS\SYSTEM32;C:\WINDOWS\WinSxS\amd64_microsoft.windows.common-controls_6595b64144ccf1df_6.0.26100.8037_none_3e092faae333b53b;C:\Users\yanfe\.jdks\openjdk-24.0.1\bin\server

VM Arguments:
jvm_args: -Dnet.bytebuddy.agent.attacher.dump= 
java_command: net.bytebuddy.agent.Attacher com.sun.tools.attach.VirtualMachine 32084 C:\Users\yanfe\.m2\repository\net\bytebuddy\byte-buddy-agent\1.17.8\byte-buddy-agent-1.17.8.jar false 
java_class_path (initial): C:\Users\yanfe\.m2\repository\net\bytebuddy\byte-buddy-agent\1.17.8\byte-buddy-agent-1.17.8.jar
Launcher Type: SUN_STANDARD

[Global flags]
     intx CICompilerCount                          = 4                                         {product} {ergonomic}
     uint ConcGCThreads                            = 3                                         {product} {ergonomic}
     uint G1ConcRefinementThreads                  = 10                                        {product} {ergonomic}
   size_t G1HeapRegionSize                         = 2097152                                   {product} {ergonomic}
   size_t InitialHeapSize                          = 264241152                                 {product} {ergonomic}
   size_t MarkStackSize                            = 4194304                                   {product} {ergonomic}
   size_t MarkStackSizeMax                         = 536870912                                 {product} {ergonomic}
   size_t MaxHeapSize                              = 4213178368                                {product} {ergonomic}
   size_t MinHeapDeltaBytes                        = 2097152                                   {product} {ergonomic}
   size_t MinHeapSize                              = 8388608                                   {product} {ergonomic}
    uintx NonNMethodCodeHeapSize                   = 5832704                                {pd product} {ergonomic}
    uintx NonProfiledCodeHeapSize                  = 122945536                              {pd product} {ergonomic}
    uintx ProfiledCodeHeapSize                     = 122880000                              {pd product} {ergonomic}
    uintx ReservedCodeCacheSize                    = 251658240                              {pd product} {ergonomic}
     bool SegmentedCodeCache                       = true                                      {product} {ergonomic}
   size_t SoftMaxHeapSize                          = 4213178368                             {manageable} {ergonomic}
     bool UseCompressedOops                        = true                           {product lp64_product} {ergonomic}
     bool UseG1GC                                  = true                                      {product} {ergonomic}
     bool UseLargePagesIndividualAllocation        = false                                  {pd product} {ergonomic}

Logging:
Log output configuration:
 #0: stdout all=warning uptime,level,tags foldmultilines=false
 #1: stderr all=off uptime,level,tags foldmultilines=false

Environment Variables:
PATH=C:\Program Files (x86)\Common Files\Oracle\Java\java8path;C:\Program Files (x86)\Common Files\Oracle\Java\javapath;C:\Program Files (x86)\Falcon\MinGW\bin;C:\WINDOWS\system32;C:\WINDOWS;C:\WINDOWS\System32\Wbem;C:\WINDOWS\System32\WindowsPowerShell\v1.0\;C:\WINDOWS\System32\OpenSSH\;C:\Program Files\nodejs\;C:\Program Files\dotnet\;%MAVEN_HOME%\bin;%GRADLE_HOME%\bin;C:\Program Files\Git\cmd;C:\Users\yanfe\AppData\Local\Programs\Python\Python313\Scripts\;C:\Users\yanfe\AppData\Local\Programs\Python\Python313\;C:\Users\yanfe\AppData\Local\Microsoft\WindowsApps;C:\Users\yanfe\AppData\Roaming\npm;C:\Users\yanfe\AppData\Local\Programs\Microsoft VS Code\bin;C:\Users\yanfe\AppData\Local\Programs\Antigravity\bin
USERNAME=yanfe
OS=Windows_NT
PROCESSOR_IDENTIFIER=Intel64 Family 6 Model 186 Stepping 3, GenuineIntel
TMP=C:\Users\yanfe\AppData\Local\Temp
TEMP=C:\Users\yanfe\AppData\Local\Temp




Periodic native trim disabled

---------------  S Y S T E M  ---------------

OS:
 Windows 11 , 64 bit Build 26100 (10.0.26100.7920)
OS uptime: 12 days 22:45 hours
Hyper-V role detected

CPU: total 12 (initial active 12) (6 cores per cpu, 2 threads per core) family 6 model 186 stepping 3 microcode 0x411f, cx8, cmov, fxsr, ht, mmx, 3dnowpref, sse, sse2, sse3, ssse3, sse4.1, sse4.2, popcnt, lzcnt, tsc, tscinvbit, avx, avx2, aes, erms, clmul, bmi1, bmi2, adx, sha, fma, vzeroupper, clflush, clflushopt, clwb, hv, serialize, rdtscp, rdpid, fsrm, gfni, f16c, cet_ibt, cet_ss
Processor Information for processor 0
  Max Mhz: 1300, Current Mhz: 1300, Mhz Limit: 1300
Processor Information for processor 1
  Max Mhz: 1300, Current Mhz: 1300, Mhz Limit: 1300
Processor Information for processor 2
  Max Mhz: 1300, Current Mhz: 1300, Mhz Limit: 1300
Processor Information for processor 3
  Max Mhz: 1300, Current Mhz: 1300, Mhz Limit: 1300
Processor Information for processor 4
  Max Mhz: 1300, Current Mhz: 900, Mhz Limit: 897
Processor Information for processor 5
  Max Mhz: 1300, Current Mhz: 900, Mhz Limit: 897
Processor Information for processor 6
  Max Mhz: 1300, Current Mhz: 900, Mhz Limit: 897
Processor Information for processor 7
  Max Mhz: 1300, Current Mhz: 900, Mhz Limit: 897
Processor Information for processor 8
  Max Mhz: 1300, Current Mhz: 900, Mhz Limit: 897
Processor Information for processor 9
  Max Mhz: 1300, Current Mhz: 900, Mhz Limit: 897
Processor Information for processor 10
  Max Mhz: 1300, Current Mhz: 900, Mhz Limit: 897
Processor Information for processor 11
  Max Mhz: 1300, Current Mhz: 900, Mhz Limit: 897

Memory: 4k page, system-wide physical 16067M (4061M free)
TotalPageFile size 16067M (AvailPageFile size 125M)
current process WorkingSet (physical memory assigned to process): 13M, peak: 13M
current process commit charge ("private bytes"): 65M, peak: 317M

vm_info: OpenJDK 64-Bit Server VM (24.0.1+9-30) for windows-amd64 JRE (24.0.1+9-30), built on 2025-03-05T07:23:45Z with MS VC++ 17.6 (VS2022)

END.
